PhysicaloidLibrary/build/intermediates/manifest_merge_blame_file/debug/manifest-merger-blame-debug-report.txt
1<?xml version="1.0" encoding="utf-8"?>
2<manifest xmlns:android="http://schemas.android.com/apk/res/android"
3    package="com.physicaloid"
4    android:versionCode="1"
5    android:versionName="1.0" >
6
7    <uses-sdk android:minSdkVersion="14" />
7-->ESP32_FLASHTOOL_ANDROID/PhysicaloidLibrary/AndroidManifest.xml:6:5-8:41
7-->ESP32_FLASHTOOL_ANDROID/PhysicaloidLibrary/AndroidManifest.xml:7:9-35
8
9</manifest>